<?xml version="1.0" encoding="UTF-8"?>
<!-- Generated by org.testng.reporters.JUnitReportReporter -->
<testsuite hostname="DESKTOP-2SKVUE2" failures="0" tests="1" name="scripts.Testcase2" time="37.635" errors="0" timestamp="2022-10-18T15:16:21 IST" skipped="0">
  <testcase classname="scripts.Testcase2" name="tc2" time="37.635"/>
  <system-out/>
</testsuite> <!-- scripts.Testcase2 -->
