<?xml version="1.0" encoding="UTF-8"?>
<!-- Generated by org.testng.reporters.JUnitReportReporter -->
<testsuite hostname="DESKTOP-2SKVUE2" failures="0" tests="1" name="scripts.Testcase1" time="19.036" errors="0" timestamp="2022-10-18T15:32:28 IST" skipped="0">
  <testcase classname="scripts.Testcase1" name="tc1" time="19.036"/>
  <system-out/>
</testsuite> <!-- scripts.Testcase1 -->
